ARM GAS  /tmp/cccviFS3.s 			page 1


   1              		.syntax unified
   2              		.cpu cortex-m3
   3              		.fpu softvfp
   4              		.eabi_attribute 20, 1
   5              		.eabi_attribute 21, 1
   6              		.eabi_attribute 23, 3
   7              		.eabi_attribute 24, 1
   8              		.eabi_attribute 25, 1
   9              		.eabi_attribute 26, 1
  10              		.eabi_attribute 30, 1
  11              		.eabi_attribute 34, 1
  12              		.eabi_attribute 18, 4
  13              		.thumb
  14              		.syntax unified
  15              		.file	"main.c"
  16              		.text
  17              	.Ltext0:
  18              		.cfi_sections	.debug_frame
  19              		.section	.text.MX_GPIO_Init,"ax",%progbits
  20              		.align	2
  21              		.thumb
  22              		.thumb_func
  24              	MX_GPIO_Init:
  25              	.LFB76:
  26              		.file 1 "Src/main.c"
   1:Src/main.c    **** 
   2:Src/main.c    **** /**
   3:Src/main.c    ****   ******************************************************************************
   4:Src/main.c    ****   * @file           : main.c
   5:Src/main.c    ****   * @brief          : Main program body
   6:Src/main.c    ****   ******************************************************************************
   7:Src/main.c    ****   * This notice applies to any and all portions of this file
   8:Src/main.c    ****   * that are not between comment pairs USER CODE BEGIN and
   9:Src/main.c    ****   * USER CODE END. Other portions of this file, whether 
  10:Src/main.c    ****   * inserted by the user or by software development tools
  11:Src/main.c    ****   * are owned by their respective copyright owners.
  12:Src/main.c    ****   *
  13:Src/main.c    ****   * Copyright (c) 2018 STMicroelectronics International N.V. 
  14:Src/main.c    ****   * All rights reserved.
  15:Src/main.c    ****   *
  16:Src/main.c    ****   * Redistribution and use in source and binary forms, with or without 
  17:Src/main.c    ****   * modification, are permitted, provided that the following conditions are met:
  18:Src/main.c    ****   *
  19:Src/main.c    ****   * 1. Redistribution of source code must retain the above copyright notice, 
  20:Src/main.c    ****   *    this list of conditions and the following disclaimer.
  21:Src/main.c    ****   * 2. Redistributions in binary form must reproduce the above copyright notice,
  22:Src/main.c    ****   *    this list of conditions and the following disclaimer in the documentation
  23:Src/main.c    ****   *    and/or other materials provided with the distribution.
  24:Src/main.c    ****   * 3. Neither the name of STMicroelectronics nor the names of other 
  25:Src/main.c    ****   *    contributors to this software may be used to endorse or promote products 
  26:Src/main.c    ****   *    derived from this software without specific written permission.
  27:Src/main.c    ****   * 4. This software, including modifications and/or derivative works of this 
  28:Src/main.c    ****   *    software, must execute solely and exclusively on microcontroller or
  29:Src/main.c    ****   *    microprocessor devices manufactured by or for STMicroelectronics.
  30:Src/main.c    ****   * 5. Redistribution and use of this software other than as permitted under 
  31:Src/main.c    ****   *    this license is void and will automatically terminate your rights under 
  32:Src/main.c    ****   *    this license. 
ARM GAS  /tmp/cccviFS3.s 			page 2


  33:Src/main.c    ****   *
  34:Src/main.c    ****   * THIS SOFTWARE IS PROVIDED BY STMICROELECTRONICS AND CONTRIBUTORS "AS IS" 
  35:Src/main.c    ****   * AND ANY EXPRESS, IMPLIED OR STATUTORY WARRANTIES, INCLUDING, BUT NOT 
  36:Src/main.c    ****   * LIMITED TO, THE IMPLIED WARRANTIES OF MERCHANTABILITY, FITNESS FOR A 
  37:Src/main.c    ****   * PARTICULAR PURPOSE AND NON-INFRINGEMENT OF THIRD PARTY INTELLECTUAL PROPERTY
  38:Src/main.c    ****   * RIGHTS ARE DISCLAIMED TO THE FULLEST EXTENT PERMITTED BY LAW. IN NO EVENT 
  39:Src/main.c    ****   * SHALL STMICROELECTRONICS OR CONTRIBUTORS BE LIABLE FOR ANY DIRECT, INDIRECT,
  40:Src/main.c    ****   * INCIDENTAL, SPECIAL, EXEMPLARY, OR CONSEQUENTIAL DAMAGES (INCLUDING, BUT NOT
  41:Src/main.c    ****   * LIMITED TO, PROCUREMENT OF SUBSTITUTE GOODS OR SERVICES; LOSS OF USE, DATA, 
  42:Src/main.c    ****   * OR PROFITS; OR BUSINESS INTERRUPTION) HOWEVER CAUSED AND ON ANY THEORY OF 
  43:Src/main.c    ****   * LIABILITY, WHETHER IN CONTRACT, STRICT LIABILITY, OR TORT (INCLUDING 
  44:Src/main.c    ****   * NEGLIGENCE OR OTHERWISE) ARISING IN ANY WAY OUT OF THE USE OF THIS SOFTWARE,
  45:Src/main.c    ****   * EVEN IF ADVISED OF THE POSSIBILITY OF SUCH DAMAGE.
  46:Src/main.c    ****   *
  47:Src/main.c    ****   ******************************************************************************
  48:Src/main.c    ****   */
  49:Src/main.c    **** /* Includes ------------------------------------------------------------------*/
  50:Src/main.c    **** #include "main.h"
  51:Src/main.c    **** #include "stm32f1xx_hal.h"
  52:Src/main.c    **** #include "cmsis_os.h"
  53:Src/main.c    **** 
  54:Src/main.c    **** #include "arm_etm.h"
  55:Src/main.c    **** #include "FFT.h"
  56:Src/main.c    **** 
  57:Src/main.c    **** /* USER CODE BEGIN Includes */
  58:Src/main.c    **** 
  59:Src/main.c    **** /* USER CODE END Includes */
  60:Src/main.c    **** 
  61:Src/main.c    **** /* Private variables ---------------------------------------------------------*/
  62:Src/main.c    **** osThreadId Task_LED0Handle;
  63:Src/main.c    **** osThreadId Task_LED1Handle;
  64:Src/main.c    **** 
  65:Src/main.c    **** /* USER CODE BEGIN PV */
  66:Src/main.c    **** int globalCounter = 0;//intç±»åž‹æœ€å¤§å€¼æ˜¯255å¯ä»¥è¿½è¸ª1-255ä¸ªå…¥å£åœ°å€
  67:Src/main.c    ****                       //0x0Aè¡¨ç¤ºFunc_LED0,0x0Bè¡¨ç¤ºFunc_LED1
  68:Src/main.c    ****                       //0x0Bè¡¨ç¤ºITM_Printï¼Œ0x0Cè¡¨ç¤ºbubble_sort
  69:Src/main.c    ****                       
  70:Src/main.c    **** extern complex data[N];
  71:Src/main.c    **** extern ElemType result[N];   
  72:Src/main.c    **** /* Private variables ---------------------------------------------------------*/
  73:Src/main.c    **** 
  74:Src/main.c    **** /* USER CODE END PV */
  75:Src/main.c    **** 
  76:Src/main.c    **** /* Private function prototypes -----------------------------------------------*/
  77:Src/main.c    **** void SystemClock_Config(void);
  78:Src/main.c    **** static void MX_GPIO_Init(void);
  79:Src/main.c    **** void Func_LED0(void const * argument);
  80:Src/main.c    **** void Func_LED1(void const * argument);
  81:Src/main.c    **** 
  82:Src/main.c    **** 
  83:Src/main.c    **** /* USER CODE BEGIN PFP */
  84:Src/main.c    **** 
  85:Src/main.c    **** void configure_tracing()
  86:Src/main.c    **** {
  87:Src/main.c    ****     /* STM32 specific configuration to enable the TRACESWO IO pin */
  88:Src/main.c    ****     RCC->APB2ENR |= RCC_APB2ENR_AFIOEN;
  89:Src/main.c    ****     AFIO->MAPR |= (2 << 24); // Disable JTAG to release TRACESWO
ARM GAS  /tmp/cccviFS3.s 			page 3


  90:Src/main.c    ****     DBGMCU->CR |= DBGMCU_CR_TRACE_IOEN; // Enable IO trace pins
  91:Src/main.c    ****     
  92:Src/main.c    ****     if (!(DBGMCU->CR & DBGMCU_CR_TRACE_IOEN))
  93:Src/main.c    ****     {
  94:Src/main.c    ****         // Some (all?) STM32s don't allow writes to DBGMCU register until
  95:Src/main.c    ****         // C_DEBUGEN in CoreDebug->DHCSR is set. This cannot be set by the
  96:Src/main.c    ****         // CPU itself, so in practice you need to connect to the CPU with
  97:Src/main.c    ****         // a debugger once before resetting it.
  98:Src/main.c    ****         return;
  99:Src/main.c    ****     }
 100:Src/main.c    ****     
 101:Src/main.c    ****     /* Configure Trace Port Interface Unit */
 102:Src/main.c    ****     CoreDebug->DEMCR |= CoreDebug_DEMCR_TRCENA_Msk; // Enable access to registers
 103:Src/main.c    ****     TPI->ACPR = 8; // Trace clock = HCLK/(x+1) = 8MHz    è¿™é‡ŒHCLKæ˜¯å¤„ç†å™¨æ—¶é’Ÿ,è¿™ä¸ªå€¼çš„å
 104:Src/main.c    ****     TPI->SPPR = 2; // Pin protocol = NRZ/USART
 105:Src/main.c    ****     
 106:Src/main.c    ****     TPI->FFCR = 0x102;
 107:Src/main.c    ****     //TPI->FFCR = 0x100; //ä¸ºä»€ä¹ˆè®¾ç½®102å¼€å¯ETMåŽï¼ŒITMè¾“å‡ºå°±ä¸å¯¹äº†ï¼Ÿï¼Ÿ,åœ¨åšå®¢ht
 108:Src/main.c    ****     		       // TPIU packet framing enabled when bit 2 is set.
 109:Src/main.c    ****     		       // You can use 0x102 if you need both DWT/ITM and ETM.
 110:Src/main.c    ****                        // You can use 0x100 if you only need DWT/ITM and not ETM.
 111:Src/main.c    ****    
 112:Src/main.c    ****     /* Configure PC sampling and exception trace  */
 113:Src/main.c    ****     DWT->CTRL = (1 << DWT_CTRL_CYCTAP_Pos) // Prescaler for PC sampling
 114:Src/main.c    ****                                            // 0 = x32, 1 = x512  //
 115:Src/main.c    ****                     //bits[6]å°±æ˜¯DWT_CYCCNTå¯„å­˜å™¨çš„0åˆ°5bitï¼Œé‚£ä¹ˆèŠ‚æ‹å°±æ˜¯32è®°å½•ä¸€æ¬
 116:Src/main.c    ****               | (0 << DWT_CTRL_POSTPRESET_Pos) // Postscaler for PC sampling
 117:Src/main.c    ****                                                 // Divider = value + 1
 118:Src/main.c    ****               | (1 << DWT_CTRL_PCSAMPLENA_Pos) // Enable PC sampling
 119:Src/main.c    ****               | (2 << DWT_CTRL_SYNCTAP_Pos)    // Sync packet interval
 120:Src/main.c    ****                                                // 0 = Off, 1 = Every 2^23 cycles,
 121:Src/main.c    ****                                                // 2 = Every 2^25, 3 = Every 2^27
 122:Src/main.c    ****               | (1 << DWT_CTRL_EXCTRCENA_Pos)  // Enable exception trace
 123:Src/main.c    ****               | (1 << DWT_CTRL_CYCCNTENA_Pos); // Enable cycle counter
 124:Src/main.c    ****     
 125:Src/main.c    ****     /* Configure instrumentation trace macroblock */
 126:Src/main.c    ****     ITM->LAR = 0xC5ACCE55;
 127:Src/main.c    ****     ITM->TCR = (1 << ITM_TCR_TraceBusID_Pos) // Trace bus ID for TPIU
 128:Src/main.c    ****              | (1 << ITM_TCR_DWTENA_Pos) // Enable events from DWT
 129:Src/main.c    ****              | (1 << ITM_TCR_SYNCENA_Pos) // Enable sync packets
 130:Src/main.c    ****              | (1 << ITM_TCR_ITMENA_Pos); // Main enable for ITM
 131:Src/main.c    ****     ITM->TER = 0xFFFFFFFF; // Enable all stimulus ports
 132:Src/main.c    **** 
 133:Src/main.c    **** 
 134:Src/main.c    ****     //ETM_Lock_Access = 0xC5ACCE55;
 135:Src/main.c    ****     //ETM_Control = 0x00001D1E;
 136:Src/main.c    ****     //ETM_Trigger_Event = 0x0000406F;
 137:Src/main.c    ****     //ETM_Trace_Enable_Event = 0x0000006F;
 138:Src/main.c    ****     //ETM_Trace_Start_Stop = 0x00000001;
 139:Src/main.c    **** 
 140:Src/main.c    **** 
 141:Src/main.c    ****    /* Configure embedded trace macroblock */
 142:Src/main.c    ****     ETM->LAR = 0xC5ACCE55;
 143:Src/main.c    ****     ETM_SetupMode();
 144:Src/main.c    ****     ETM->CR = ETM_CR_ETMEN // Enable ETM output port
 145:Src/main.c    ****             | ETM_CR_STALL_PROCESSOR // Stall processor when fifo is full
 146:Src/main.c    ****             | ETM_CR_BRANCH_OUTPUT // Report all branches
ARM GAS  /tmp/cccviFS3.s 			page 4


 147:Src/main.c    ****             | (1 << 4);//port_sizeä½21,6,5,4æ˜¯0001è¡¨ç¤º8bitï¼Œè¿™é‡Œç›®å‰è®¤ä¸ºå¤ä½å€¼éƒ½æ˜¯0
 148:Src/main.c    ****     ETM->TRACEIDR = 2; // Trace bus ID for TPIU
 149:Src/main.c    ****     ETM->TECR1 = ETM_TECR1_EXCLUDE; // Trace always enabled
 150:Src/main.c    ****     ETM->FFRR = ETM_FFRR_EXCLUDE; // Stalling always enabled
 151:Src/main.c    ****     ETM->FFLR = 24; // Stall when less than N bytes free in FIFO (range 1..24)
 152:Src/main.c    ****                     // Larger values mean less latency in trace, but more stalls.
 153:Src/main.c    ****     // Note: we do not enable ETM trace yet, only for specific parts of code.
 154:Src/main.c    ****     
 155:Src/main.c    ****     ETM->TRIGGER = 0x0000406F;
 156:Src/main.c    ****     ETM->TEEVR = 0x0000006F;
 157:Src/main.c    ****     //ETM->TSSCR = 0x00000001;
 158:Src/main.c    **** 
 159:Src/main.c    **** }
 160:Src/main.c    **** 
 161:Src/main.c    **** void configure_watchpoint()
 162:Src/main.c    **** {
 163:Src/main.c    ****     /* This is an example of how to configure DWT to monitor a watchpoint.
 164:Src/main.c    ****        The data value is reported when the watchpoint is hit. */
 165:Src/main.c    ****     
 166:Src/main.c    ****     /* Monitor all accesses to GPIOC (range length 32 bytes) */
 167:Src/main.c    ****     //DWT->COMP0 = (uint32_t)bubble_sort;                      //æ”¹ä¸ºäº†æ¯”GPIOC
 168:Src/main.c    **** //    DWT->COMP0 = (uint32_t)GPIOC;                      //æ”¹ä¸ºäº†æ¯”è¾ƒGPIOC
 169:Src/main.c    **** //    DWT->MASK0 = 8;							 //å±è”½æŽ‰æ•°æ®åœ°å€çš„åŽ5ä½ï¼Œç›®å‰DWT->COMP0çš„å€¼æ˜¯GPIOAçš„å
 170:Src/main.c    **** //											//å¯èƒ½æ˜¯å‡ºäºŽåŠ å¿«æ¯”è¾ƒé€Ÿåº¦çš„åŽŸå› å§ï¼Œé‚£ä¸ºä»€ä¹ˆä¸æŠŠMASK[3:0]
 171:Src/main.c    **** //										        //è®¾ç½®ä¸º8,åæ­£0x40010800æœ€åŽå…«ä½éƒ½æ˜¯0
 172:Src/main.c    **** //										        
 173:Src/main.c    **** //    DWT->FUNCTION0 = (2 << DWT_FUNCTION_FUNCTION_Pos) // Report data and addr on watchpoint hit
 174:Src/main.c    **** //                   | (1 << DWT_FUNCTION_EMITRANGE_Pos);
 175:Src/main.c    **** //                   //| (1 << DWT_FUNCTION_CYCMATCH_Pos);
 176:Src/main.c    ****     
 177:Src/main.c    ****     /* Monitor all accesses to globalCounter (range length 4 bytes) */
 178:Src/main.c    ****     DWT->COMP1 = (uint32_t)&globalCounter;
 179:Src/main.c    ****     DWT->MASK1 = 2;
 180:Src/main.c    ****     DWT->FUNCTION1 = (3 << DWT_FUNCTION_FUNCTION_Pos); // Report data and PC on watchpoint hit
 181:Src/main.c    **** }
 182:Src/main.c    **** 
 183:Src/main.c    **** void ITM_Print(int port, const char *p)
 184:Src/main.c    **** {
 185:Src/main.c    ****     globalCounter = 0x0C;
 186:Src/main.c    ****     if ((ITM->TCR & ITM_TCR_ITMENA_Msk) && (ITM->TER & (1UL << port)))
 187:Src/main.c    ****     {
 188:Src/main.c    ****         while (*p)
 189:Src/main.c    ****         {
 190:Src/main.c    ****             while (ITM->PORT[port].u32 == 0);//æ—¶é—´ç‰‡ä¸‹å¤šè¿›ç¨‹ä½¿ç”¨ä¸€ä¸ªæŸ¥è¯¢å‡½æ•°åœ¨è¿™é
 191:Src/main.c    ****             ITM->PORT[port].u8 = *p++;
 192:Src/main.c    ****         }   
 193:Src/main.c    ****     }
 194:Src/main.c    **** }
 195:Src/main.c    **** 
 196:Src/main.c    **** void ITM_SendValue (int port, uint32_t value)
 197:Src/main.c    **** {
 198:Src/main.c    ****     if ((ITM->TCR & ITM_TCR_ITMENA_Msk) && (ITM->TER & (1UL << port)))
 199:Src/main.c    ****     {
 200:Src/main.c    ****         while (ITM->PORT[port].u32 == 0);
 201:Src/main.c    ****         ITM->PORT[port].u32 = value;
 202:Src/main.c    ****     }
 203:Src/main.c    **** }
ARM GAS  /tmp/cccviFS3.s 			page 5


 204:Src/main.c    **** 
 205:Src/main.c    **** void bubble_sort (int *a, int n) 
 206:Src/main.c    **** {
 207:Src/main.c    ****     globalCounter = 0x0D;
 208:Src/main.c    ****     int i, t, s = 1;
 209:Src/main.c    ****     while (s) 
 210:Src/main.c    ****     {
 211:Src/main.c    ****         s = 0;
 212:Src/main.c    ****         for (i = 1; i < n; i++) 
 213:Src/main.c    ****         {
 214:Src/main.c    ****             if (a[i] < a[i - 1]) 
 215:Src/main.c    ****             {
 216:Src/main.c    ****                 t = a[i];
 217:Src/main.c    ****                 a[i] = a[i - 1];
 218:Src/main.c    ****                 a[i - 1] = t;
 219:Src/main.c    ****                 s = 1;            
 220:Src/main.c    ****             }
 221:Src/main.c    ****         }
 222:Src/main.c    ****     }
 223:Src/main.c    **** }
 224:Src/main.c    **** 
 225:Src/main.c    **** 
 226:Src/main.c    **** /* Private function prototypes -----------------------------------------------*/
 227:Src/main.c    **** 
 228:Src/main.c    **** /* USER CODE END PFP */
 229:Src/main.c    **** 
 230:Src/main.c    **** /* USER CODE BEGIN 0 */
 231:Src/main.c    **** 
 232:Src/main.c    **** /* USER CODE END 0 */
 233:Src/main.c    **** 
 234:Src/main.c    **** /**
 235:Src/main.c    ****   * @brief  The application entry point.
 236:Src/main.c    ****   *
 237:Src/main.c    ****   * @retval None
 238:Src/main.c    ****   */
 239:Src/main.c    **** int main(void)
 240:Src/main.c    **** {
 241:Src/main.c    ****   /* USER CODE BEGIN 1 */
 242:Src/main.c    **** 
 243:Src/main.c    ****   /* USER CODE END 1 */
 244:Src/main.c    **** 
 245:Src/main.c    ****   /* MCU Configuration----------------------------------------------------------*/
 246:Src/main.c    **** 
 247:Src/main.c    ****   /* Reset of all peripherals, Initializes the Flash interface and the Systick. */
 248:Src/main.c    ****   HAL_Init();
 249:Src/main.c    **** 
 250:Src/main.c    ****   /* USER CODE BEGIN Init */
 251:Src/main.c    **** 
 252:Src/main.c    ****   /* USER CODE END Init */
 253:Src/main.c    **** 
 254:Src/main.c    ****   /* Configure the system clock */
 255:Src/main.c    ****   SystemClock_Config();
 256:Src/main.c    **** 
 257:Src/main.c    ****   /* USER CODE BEGIN SysInit */
 258:Src/main.c    **** 
 259:Src/main.c    ****   /* USER CODE END SysInit */
 260:Src/main.c    **** 
ARM GAS  /tmp/cccviFS3.s 			page 6


 261:Src/main.c    ****   /* Initialize all configured peripherals */
 262:Src/main.c    ****   MX_GPIO_Init();
 263:Src/main.c    ****   /* USER CODE BEGIN 2 */
 264:Src/main.c    **** 
 265:Src/main.c    ****   configure_tracing(); 
 266:Src/main.c    ****   configure_watchpoint();
 267:Src/main.c    **** 
 268:Src/main.c    ****   /* USER CODE END 2 */
 269:Src/main.c    **** 
 270:Src/main.c    ****   /* USER CODE BEGIN RTOS_MUTEX */
 271:Src/main.c    ****   /* add mutexes, ... */
 272:Src/main.c    ****   /* USER CODE END RTOS_MUTEX */
 273:Src/main.c    **** 
 274:Src/main.c    ****   /* USER CODE BEGIN RTOS_SEMAPHORES */
 275:Src/main.c    ****   /* add semaphores, ... */
 276:Src/main.c    ****   /* USER CODE END RTOS_SEMAPHORES */
 277:Src/main.c    **** 
 278:Src/main.c    ****   /* USER CODE BEGIN RTOS_TIMERS */
 279:Src/main.c    ****   /* start timers, add new ones, ... */
 280:Src/main.c    ****   /* USER CODE END RTOS_TIMERS */
 281:Src/main.c    **** 
 282:Src/main.c    ****   /* Create the thread(s) */
 283:Src/main.c    ****   /* definition and creation of Task_LED0 */
 284:Src/main.c    ****   osThreadDef(Task_LED0, Func_LED0, osPriorityNormal, 0, 128);
 285:Src/main.c    ****   Task_LED0Handle = osThreadCreate(osThread(Task_LED0), NULL);
 286:Src/main.c    **** 
 287:Src/main.c    ****   /* definition and creation of Task_LED1 */
 288:Src/main.c    ****   osThreadDef(Task_LED1, Func_LED1, osPriorityNormal, 0, 128);
 289:Src/main.c    ****   Task_LED1Handle = osThreadCreate(osThread(Task_LED1), NULL);
 290:Src/main.c    **** 
 291:Src/main.c    ****   /* USER CODE BEGIN RTOS_THREADS */
 292:Src/main.c    ****   /* add threads, ... */
 293:Src/main.c    ****   /* USER CODE END RTOS_THREADS */
 294:Src/main.c    **** 
 295:Src/main.c    ****   /* USER CODE BEGIN RTOS_QUEUES */
 296:Src/main.c    ****   /* add queues, ... */
 297:Src/main.c    ****   /* USER CODE END RTOS_QUEUES */
 298:Src/main.c    ****  
 299:Src/main.c    **** 
 300:Src/main.c    ****   /* Start scheduler */
 301:Src/main.c    ****   osKernelStart();
 302:Src/main.c    ****   
 303:Src/main.c    ****   /* We should never get here as control is now taken by the scheduler */
 304:Src/main.c    **** 
 305:Src/main.c    ****   /* Infinite loop */
 306:Src/main.c    ****   /* USER CODE BEGIN WHILE */
 307:Src/main.c    ****   while (1)
 308:Src/main.c    ****   {
 309:Src/main.c    **** 
 310:Src/main.c    ****   /* USER CODE END WHILE */
 311:Src/main.c    **** 
 312:Src/main.c    ****   /* USER CODE BEGIN 3 */
 313:Src/main.c    **** 
 314:Src/main.c    ****   }
 315:Src/main.c    ****   /* USER CODE END 3 */
 316:Src/main.c    **** 
 317:Src/main.c    **** }
ARM GAS  /tmp/cccviFS3.s 			page 7


 318:Src/main.c    **** 
 319:Src/main.c    **** /**
 320:Src/main.c    ****   * @brief System Clock Configuration
 321:Src/main.c    ****   * @retval None
 322:Src/main.c    ****   */
 323:Src/main.c    **** void SystemClock_Config(void)
 324:Src/main.c    **** {
 325:Src/main.c    **** 
 326:Src/main.c    ****   RCC_OscInitTypeDef RCC_OscInitStruct;
 327:Src/main.c    ****   RCC_ClkInitTypeDef RCC_ClkInitStruct;
 328:Src/main.c    **** 
 329:Src/main.c    ****     /**Initializes the CPU, AHB and APB busses clocks 
 330:Src/main.c    ****     */
 331:Src/main.c    ****   RCC_OscInitStruct.OscillatorType = RCC_OSCILLATORTYPE_HSE;
 332:Src/main.c    ****   RCC_OscInitStruct.HSEState = RCC_HSE_ON;
 333:Src/main.c    ****   RCC_OscInitStruct.HSEPredivValue = RCC_HSE_PREDIV_DIV1;
 334:Src/main.c    ****   RCC_OscInitStruct.HSIState = RCC_HSI_ON;
 335:Src/main.c    ****   RCC_OscInitStruct.PLL.PLLState = RCC_PLL_ON;
 336:Src/main.c    ****   RCC_OscInitStruct.PLL.PLLSource = RCC_PLLSOURCE_HSE;
 337:Src/main.c    ****   RCC_OscInitStruct.PLL.PLLMUL = RCC_PLL_MUL9;
 338:Src/main.c    ****   if (HAL_RCC_OscConfig(&RCC_OscInitStruct) != HAL_OK)
 339:Src/main.c    ****   {
 340:Src/main.c    ****     _Error_Handler(__FILE__, __LINE__);
 341:Src/main.c    ****   }
 342:Src/main.c    **** 
 343:Src/main.c    ****     /**Initializes the CPU, AHB and APB busses clocks 
 344:Src/main.c    ****     */
 345:Src/main.c    ****   RCC_ClkInitStruct.ClockType = RCC_CLOCKTYPE_HCLK|RCC_CLOCKTYPE_SYSCLK
 346:Src/main.c    ****                               |RCC_CLOCKTYPE_PCLK1|RCC_CLOCKTYPE_PCLK2;
 347:Src/main.c    ****   RCC_ClkInitStruct.SYSCLKSource = RCC_SYSCLKSOURCE_PLLCLK;
 348:Src/main.c    ****   RCC_ClkInitStruct.AHBCLKDivider = RCC_SYSCLK_DIV1;
 349:Src/main.c    ****   RCC_ClkInitStruct.APB1CLKDivider = RCC_HCLK_DIV2;
 350:Src/main.c    ****   RCC_ClkInitStruct.APB2CLKDivider = RCC_HCLK_DIV1;
 351:Src/main.c    **** 
 352:Src/main.c    ****   if (HAL_RCC_ClockConfig(&RCC_ClkInitStruct, FLASH_LATENCY_2) != HAL_OK)
 353:Src/main.c    ****   {
 354:Src/main.c    ****     _Error_Handler(__FILE__, __LINE__);
 355:Src/main.c    ****   }
 356:Src/main.c    **** 
 357:Src/main.c    ****     /**Configure the Systick interrupt time 
 358:Src/main.c    ****     */
 359:Src/main.c    ****   HAL_SYSTICK_Config(HAL_RCC_GetHCLKFreq()/1000);
 360:Src/main.c    **** 
 361:Src/main.c    ****     /**Configure the Systick 
 362:Src/main.c    ****     */
 363:Src/main.c    ****   HAL_SYSTICK_CLKSourceConfig(SYSTICK_CLKSOURCE_HCLK);
 364:Src/main.c    **** 
 365:Src/main.c    ****   /* SysTick_IRQn interrupt configuration */
 366:Src/main.c    ****   HAL_NVIC_SetPriority(SysTick_IRQn, 15, 0);
 367:Src/main.c    **** }
 368:Src/main.c    **** 
 369:Src/main.c    **** /** Configure pins as 
 370:Src/main.c    ****         * Analog 
 371:Src/main.c    ****         * Input 
 372:Src/main.c    ****         * Output
 373:Src/main.c    ****         * EVENT_OUT
 374:Src/main.c    ****         * EXTI
ARM GAS  /tmp/cccviFS3.s 			page 8


 375:Src/main.c    **** */
 376:Src/main.c    **** static void MX_GPIO_Init(void)
 377:Src/main.c    **** {
  27              		.loc 1 377 0
  28              		.cfi_startproc
  29              		@ args = 0, pretend = 0, frame = 24
  30              		@ frame_needed = 0, uses_anonymous_args = 0
  31 0000 10B5     		push	{r4, lr}
  32              	.LCFI0:
  33              		.cfi_def_cfa_offset 8
  34              		.cfi_offset 4, -8
  35              		.cfi_offset 14, -4
  36 0002 86B0     		sub	sp, sp, #24
  37              	.LCFI1:
  38              		.cfi_def_cfa_offset 32
  39              	.LBB2:
 378:Src/main.c    **** 
 379:Src/main.c    ****   GPIO_InitTypeDef GPIO_InitStruct;
 380:Src/main.c    **** 
 381:Src/main.c    ****   /* GPIO Ports Clock Enable */
 382:Src/main.c    ****   __HAL_RCC_GPIOC_CLK_ENABLE();
  40              		.loc 1 382 0
  41 0004 134B     		ldr	r3, .L3
  42 0006 9A69     		ldr	r2, [r3, #24]
  43 0008 42F01002 		orr	r2, r2, #16
  44 000c 9A61     		str	r2, [r3, #24]
  45 000e 9A69     		ldr	r2, [r3, #24]
  46 0010 02F01002 		and	r2, r2, #16
  47 0014 0092     		str	r2, [sp]
  48 0016 009A     		ldr	r2, [sp]
  49              	.LBE2:
  50              	.LBB3:
 383:Src/main.c    ****   __HAL_RCC_GPIOA_CLK_ENABLE();
  51              		.loc 1 383 0
  52 0018 9A69     		ldr	r2, [r3, #24]
  53 001a 42F00402 		orr	r2, r2, #4
  54 001e 9A61     		str	r2, [r3, #24]
  55 0020 9B69     		ldr	r3, [r3, #24]
  56 0022 03F00403 		and	r3, r3, #4
  57 0026 0193     		str	r3, [sp, #4]
  58 0028 019B     		ldr	r3, [sp, #4]
  59              	.LBE3:
 384:Src/main.c    **** 
 385:Src/main.c    ****   /*Configure GPIO pin Output Level */
 386:Src/main.c    ****   HAL_GPIO_WritePin(GPIOC, LED0_Pin|LED1_Pin|LED2_Pin|LED3_Pin, GPIO_PIN_RESET);
  60              		.loc 1 386 0
  61 002a 0B4C     		ldr	r4, .L3+4
  62 002c 0022     		movs	r2, #0
  63 002e D821     		movs	r1, #216
  64 0030 2046     		mov	r0, r4
  65 0032 FFF7FEFF 		bl	HAL_GPIO_WritePin
  66              	.LVL0:
 387:Src/main.c    **** 
 388:Src/main.c    ****   /*Configure GPIO pins : LED0_Pin LED1_Pin LED2_Pin LED3_Pin */
 389:Src/main.c    ****   GPIO_InitStruct.Pin = LED0_Pin|LED1_Pin|LED2_Pin|LED3_Pin;
  67              		.loc 1 389 0
  68 0036 D823     		movs	r3, #216
ARM GAS  /tmp/cccviFS3.s 			page 9


  69 0038 0293     		str	r3, [sp, #8]
 390:Src/main.c    ****   GPIO_InitStruct.Mode = GPIO_MODE_OUTPUT_PP;
  70              		.loc 1 390 0
  71 003a 0123     		movs	r3, #1
  72 003c 0393     		str	r3, [sp, #12]
 391:Src/main.c    ****   GPIO_InitStruct.Pull = GPIO_NOPULL;
  73              		.loc 1 391 0
  74 003e 0023     		movs	r3, #0
  75 0040 0493     		str	r3, [sp, #16]
 392:Src/main.c    ****   GPIO_InitStruct.Speed = GPIO_SPEED_FREQ_LOW;
  76              		.loc 1 392 0
  77 0042 0223     		movs	r3, #2
  78 0044 0593     		str	r3, [sp, #20]
 393:Src/main.c    ****   HAL_GPIO_Init(GPIOC, &GPIO_InitStruct);
  79              		.loc 1 393 0
  80 0046 02A9     		add	r1, sp, #8
  81 0048 2046     		mov	r0, r4
  82 004a FFF7FEFF 		bl	HAL_GPIO_Init
  83              	.LVL1:
 394:Src/main.c    **** 
 395:Src/main.c    **** }
  84              		.loc 1 395 0
  85 004e 06B0     		add	sp, sp, #24
  86              	.LCFI2:
  87              		.cfi_def_cfa_offset 8
  88              		@ sp needed
  89 0050 10BD     		pop	{r4, pc}
  90              	.L4:
  91 0052 00BF     		.align	2
  92              	.L3:
  93 0054 00100240 		.word	1073876992
  94 0058 00100140 		.word	1073811456
  95              		.cfi_endproc
  96              	.LFE76:
  98              		.section	.text.configure_tracing,"ax",%progbits
  99              		.align	2
 100              		.global	configure_tracing
 101              		.thumb
 102              		.thumb_func
 104              	configure_tracing:
 105              	.LFB69:
  86:Src/main.c    ****     /* STM32 specific configuration to enable the TRACESWO IO pin */
 106              		.loc 1 86 0
 107              		.cfi_startproc
 108              		@ args = 0, pretend = 0, frame = 0
 109              		@ frame_needed = 0, uses_anonymous_args = 0
 110              		@ link register save eliminated.
  88:Src/main.c    ****     AFIO->MAPR |= (2 << 24); // Disable JTAG to release TRACESWO
 111              		.loc 1 88 0
 112 0000 284A     		ldr	r2, .L7
 113 0002 9369     		ldr	r3, [r2, #24]
 114 0004 43F00103 		orr	r3, r3, #1
 115 0008 9361     		str	r3, [r2, #24]
  89:Src/main.c    ****     DBGMCU->CR |= DBGMCU_CR_TRACE_IOEN; // Enable IO trace pins
 116              		.loc 1 89 0
 117 000a A2F58832 		sub	r2, r2, #69632
 118 000e 5368     		ldr	r3, [r2, #4]
ARM GAS  /tmp/cccviFS3.s 			page 10


 119 0010 43F00073 		orr	r3, r3, #33554432
 120 0014 5360     		str	r3, [r2, #4]
  90:Src/main.c    ****     
 121              		.loc 1 90 0
 122 0016 244B     		ldr	r3, .L7+4
 123 0018 5A68     		ldr	r2, [r3, #4]
 124 001a 42F02002 		orr	r2, r2, #32
 125 001e 5A60     		str	r2, [r3, #4]
  92:Src/main.c    ****     {
 126              		.loc 1 92 0
 127 0020 5B68     		ldr	r3, [r3, #4]
 128 0022 13F0200F 		tst	r3, #32
 129 0026 3BD0     		beq	.L5
 102:Src/main.c    ****     TPI->ACPR = 8; // Trace clock = HCLK/(x+1) = 8MHz    è¿™é‡ŒHCLKæ˜¯å¤„ç†å™¨æ—¶é’Ÿ,è¿™ä¸ªå€¼çš„å
 130              		.loc 1 102 0
 131 0028 204A     		ldr	r2, .L7+8
 132 002a D368     		ldr	r3, [r2, #12]
 133 002c 43F08073 		orr	r3, r3, #16777216
 134 0030 D360     		str	r3, [r2, #12]
 103:Src/main.c    ****     TPI->SPPR = 2; // Pin protocol = NRZ/USART
 135              		.loc 1 103 0
 136 0032 1F4B     		ldr	r3, .L7+12
 137 0034 0822     		movs	r2, #8
 138 0036 1A61     		str	r2, [r3, #16]
 104:Src/main.c    ****     
 139              		.loc 1 104 0
 140 0038 0221     		movs	r1, #2
 141 003a C3F8F010 		str	r1, [r3, #240]
 106:Src/main.c    ****     //TPI->FFCR = 0x100; //ä¸ºä»€ä¹ˆè®¾ç½®102å¼€å¯ETMåŽï¼ŒITMè¾“å‡ºå°±ä¸å¯¹äº†ï¼Ÿï¼Ÿ,åœ¨åšå®¢ht
 142              		.loc 1 106 0
 143 003e 4FF48172 		mov	r2, #258
 144 0042 C3F80423 		str	r2, [r3, #772]
 113:Src/main.c    ****                                            // 0 = x32, 1 = x512  //
 145              		.loc 1 113 0
 146 0046 1B4A     		ldr	r2, .L7+16
 147 0048 A3F57C33 		sub	r3, r3, #258048
 148 004c 1A60     		str	r2, [r3]
 126:Src/main.c    ****     ITM->TCR = (1 << ITM_TCR_TraceBusID_Pos) // Trace bus ID for TPIU
 149              		.loc 1 126 0
 150 004e 4FF06043 		mov	r3, #-536870912
 151 0052 A2F16952 		sub	r2, r2, #977272832
 152 0056 A2F5A212 		sub	r2, r2, #1327104
 153 005a A2F6AC32 		subw	r2, r2, #2988
 154 005e C3F8B02F 		str	r2, [r3, #4016]
 127:Src/main.c    ****              | (1 << ITM_TCR_DWTENA_Pos) // Enable events from DWT
 155              		.loc 1 127 0
 156 0062 1548     		ldr	r0, .L7+20
 157 0064 C3F8800E 		str	r0, [r3, #3712]
 131:Src/main.c    **** 
 158              		.loc 1 131 0
 159 0068 4FF0FF30 		mov	r0, #-1
 160 006c C3F8000E 		str	r0, [r3, #3584]
 142:Src/main.c    ****     ETM_SetupMode();
 161              		.loc 1 142 0
 162 0070 03F58223 		add	r3, r3, #266240
 163 0074 C3F8B02F 		str	r2, [r3, #4016]
 143:Src/main.c    ****     ETM->CR = ETM_CR_ETMEN // Enable ETM output port
ARM GAS  /tmp/cccviFS3.s 			page 11


 164              		.loc 1 143 0
 165 0078 1A68     		ldr	r2, [r3]
 166 007a 42F48062 		orr	r2, r2, #1024
 167 007e 1A60     		str	r2, [r3]
 144:Src/main.c    ****             | ETM_CR_STALL_PROCESSOR // Stall processor when fifo is full
 168              		.loc 1 144 0
 169 0080 4FF41962 		mov	r2, #2448
 170 0084 1A60     		str	r2, [r3]
 148:Src/main.c    ****     ETM->TECR1 = ETM_TECR1_EXCLUDE; // Trace always enabled
 171              		.loc 1 148 0
 172 0086 C3F80012 		str	r1, [r3, #512]
 149:Src/main.c    ****     ETM->FFRR = ETM_FFRR_EXCLUDE; // Stalling always enabled
 173              		.loc 1 149 0
 174 008a 4FF08072 		mov	r2, #16777216
 175 008e 5A62     		str	r2, [r3, #36]
 150:Src/main.c    ****     ETM->FFLR = 24; // Stall when less than N bytes free in FIFO (range 1..24)
 176              		.loc 1 150 0
 177 0090 9A62     		str	r2, [r3, #40]
 151:Src/main.c    ****                     // Larger values mean less latency in trace, but more stalls.
 178              		.loc 1 151 0
 179 0092 1822     		movs	r2, #24
 180 0094 DA62     		str	r2, [r3, #44]
 155:Src/main.c    ****     ETM->TEEVR = 0x0000006F;
 181              		.loc 1 155 0
 182 0096 44F26F02 		movw	r2, #16495
 183 009a 9A60     		str	r2, [r3, #8]
 156:Src/main.c    ****     //ETM->TSSCR = 0x00000001;
 184              		.loc 1 156 0
 185 009c 6F22     		movs	r2, #111
 186 009e 1A62     		str	r2, [r3, #32]
 187              	.L5:
 188 00a0 7047     		bx	lr
 189              	.L8:
 190 00a2 00BF     		.align	2
 191              	.L7:
 192 00a4 00100240 		.word	1073876992
 193 00a8 002004E0 		.word	-536600576
 194 00ac F0ED00E0 		.word	-536810000
 195 00b0 000004E0 		.word	-536608768
 196 00b4 011A0100 		.word	72193
 197 00b8 0D000100 		.word	65549
 198              		.cfi_endproc
 199              	.LFE69:
 201              		.section	.text.configure_watchpoint,"ax",%progbits
 202              		.align	2
 203              		.global	configure_watchpoint
 204              		.thumb
 205              		.thumb_func
 207              	configure_watchpoint:
 208              	.LFB70:
 162:Src/main.c    ****     /* This is an example of how to configure DWT to monitor a watchpoint.
 209              		.loc 1 162 0
 210              		.cfi_startproc
 211              		@ args = 0, pretend = 0, frame = 0
 212              		@ frame_needed = 0, uses_anonymous_args = 0
 213              		@ link register save eliminated.
 178:Src/main.c    ****     DWT->MASK1 = 2;
ARM GAS  /tmp/cccviFS3.s 			page 12


 214              		.loc 1 178 0
 215 0000 034B     		ldr	r3, .L10
 216 0002 044A     		ldr	r2, .L10+4
 217 0004 1A63     		str	r2, [r3, #48]
 179:Src/main.c    ****     DWT->FUNCTION1 = (3 << DWT_FUNCTION_FUNCTION_Pos); // Report data and PC on watchpoint hit
 218              		.loc 1 179 0
 219 0006 0222     		movs	r2, #2
 220 0008 5A63     		str	r2, [r3, #52]
 180:Src/main.c    **** }
 221              		.loc 1 180 0
 222 000a 0322     		movs	r2, #3
 223 000c 9A63     		str	r2, [r3, #56]
 224 000e 7047     		bx	lr
 225              	.L11:
 226              		.align	2
 227              	.L10:
 228 0010 001000E0 		.word	-536866816
 229 0014 00000000 		.word	.LANCHOR0
 230              		.cfi_endproc
 231              	.LFE70:
 233              		.section	.text.ITM_Print,"ax",%progbits
 234              		.align	2
 235              		.global	ITM_Print
 236              		.thumb
 237              		.thumb_func
 239              	ITM_Print:
 240              	.LFB71:
 184:Src/main.c    ****     globalCounter = 0x0C;
 241              		.loc 1 184 0
 242              		.cfi_startproc
 243              		@ args = 0, pretend = 0, frame = 0
 244              		@ frame_needed = 0, uses_anonymous_args = 0
 245              		@ link register save eliminated.
 246              	.LVL2:
 185:Src/main.c    ****     if ((ITM->TCR & ITM_TCR_ITMENA_Msk) && (ITM->TER & (1UL << port)))
 247              		.loc 1 185 0
 248 0000 0C22     		movs	r2, #12
 249 0002 104B     		ldr	r3, .L16
 250 0004 1A60     		str	r2, [r3]
 186:Src/main.c    ****     {
 251              		.loc 1 186 0
 252 0006 4FF06043 		mov	r3, #-536870912
 253 000a D3F8803E 		ldr	r3, [r3, #3712]
 254 000e 13F0010F 		tst	r3, #1
 255 0012 16D0     		beq	.L12
 186:Src/main.c    ****     {
 256              		.loc 1 186 0 is_stmt 0 discriminator 1
 257 0014 4FF06043 		mov	r3, #-536870912
 258 0018 D3F8003E 		ldr	r3, [r3, #3584]
 259 001c C340     		lsrs	r3, r3, r0
 260 001e 13F0010F 		tst	r3, #1
 261 0022 0BD1     		bne	.L14
 262 0024 7047     		bx	lr
 263              	.L15:
 190:Src/main.c    ****             ITM->PORT[port].u8 = *p++;
 264              		.loc 1 190 0 is_stmt 1 discriminator 1
 265 0026 4FF06043 		mov	r3, #-536870912
ARM GAS  /tmp/cccviFS3.s 			page 13


 266 002a 53F82030 		ldr	r3, [r3, r0, lsl #2]
 267 002e 002B     		cmp	r3, #0
 268 0030 F9D0     		beq	.L15
 191:Src/main.c    ****         }   
 269              		.loc 1 191 0
 270 0032 0131     		adds	r1, r1, #1
 271              	.LVL3:
 272 0034 4FF06043 		mov	r3, #-536870912
 273 0038 03F82020 		strb	r2, [r3, r0, lsl #2]
 274              	.L14:
 188:Src/main.c    ****         {
 275              		.loc 1 188 0
 276 003c 0A78     		ldrb	r2, [r1]	@ zero_extendqisi2
 277 003e 002A     		cmp	r2, #0
 278 0040 F1D1     		bne	.L15
 279              	.L12:
 280 0042 7047     		bx	lr
 281              	.L17:
 282              		.align	2
 283              	.L16:
 284 0044 00000000 		.word	.LANCHOR0
 285              		.cfi_endproc
 286              	.LFE71:
 288              		.global	__aeabi_i2d
 289              		.global	__aeabi_dmul
 290              		.section	.text.Func_LED0,"ax",%progbits
 291              		.align	2
 292              		.global	Func_LED0
 293              		.thumb
 294              		.thumb_func
 296              	Func_LED0:
 297              	.LFB77:
 396:Src/main.c    **** 
 397:Src/main.c    **** /* USER CODE BEGIN 4 */
 398:Src/main.c    **** 
 399:Src/main.c    **** /* USER CODE END 4 */
 400:Src/main.c    **** 
 401:Src/main.c    **** /* Func_LED0 function */
 402:Src/main.c    **** void Func_LED0(void const * argument)
 403:Src/main.c    **** {
 298              		.loc 1 403 0
 299              		.cfi_startproc
 300              		@ args = 0, pretend = 0, frame = 32
 301              		@ frame_needed = 0, uses_anonymous_args = 0
 302              	.LVL4:
 303 0000 30B5     		push	{r4, r5, lr}
 304              	.LCFI3:
 305              		.cfi_def_cfa_offset 12
 306              		.cfi_offset 4, -12
 307              		.cfi_offset 5, -8
 308              		.cfi_offset 14, -4
 309 0002 89B0     		sub	sp, sp, #36
 310              	.LCFI4:
 311              		.cfi_def_cfa_offset 48
 312              	.LVL5:
 313              	.LBB4:
 404:Src/main.c    **** 
ARM GAS  /tmp/cccviFS3.s 			page 14


 405:Src/main.c    ****   /* USER CODE BEGIN 5 */
 406:Src/main.c    ****   for(int i=0; i<N; i++)//åˆ¶é€ FFTè¾“å…¥åºåˆ—   
 314              		.loc 1 406 0
 315 0004 0024     		movs	r4, #0
 316 0006 14E0     		b	.L19
 317              	.LVL6:
 318              	.L20:
 407:Src/main.c    ****   {
 408:Src/main.c    ****     data[i].real = sin(2*PI*i/N); 
 319              		.loc 1 408 0 discriminator 3
 320 0008 2046     		mov	r0, r4
 321 000a FFF7FEFF 		bl	__aeabi_i2d
 322              	.LVL7:
 323 000e 22A3     		adr	r3, .L23
 324 0010 D3E90023 		ldrd	r2, [r3]
 325 0014 FFF7FEFF 		bl	__aeabi_dmul
 326              	.LVL8:
 327 0018 0022     		movs	r2, #0
 328 001a 4FF07F53 		mov	r3, #1069547520
 329 001e FFF7FEFF 		bl	__aeabi_dmul
 330              	.LVL9:
 331 0022 FFF7FEFF 		bl	sin
 332              	.LVL10:
 333 0026 1E4B     		ldr	r3, .L23+8
 334 0028 03EB0413 		add	r3, r3, r4, lsl #4
 335 002c C3E90001 		strd	r0, [r3]
 406:Src/main.c    ****   {
 336              		.loc 1 406 0 discriminator 3
 337 0030 0134     		adds	r4, r4, #1
 338              	.LVL11:
 339              	.L19:
 406:Src/main.c    ****   {
 340              		.loc 1 406 0 is_stmt 0 discriminator 1
 341 0032 072C     		cmp	r4, #7
 342 0034 E8DD     		ble	.L20
 343              	.LVL12:
 344              	.L21:
 345              	.LBE4:
 409:Src/main.c    ****   }
 410:Src/main.c    ****   /* Infinite loop */
 411:Src/main.c    ****   for(;;)
 412:Src/main.c    ****   {
 413:Src/main.c    ****     //globalCounter = 0x0A;//0x0Aè¡¨ç¤ºFunc_LED0
 414:Src/main.c    ****     //osDelay(5);
 415:Src/main.c    ****     HAL_GPIO_WritePin(LED0_GPIO_Port, LED0_Pin, GPIO_PIN_RESET);
 346              		.loc 1 415 0 is_stmt 1 discriminator 1
 347 0036 1B4C     		ldr	r4, .L23+12
 348 0038 0022     		movs	r2, #0
 349 003a 0821     		movs	r1, #8
 350 003c 2046     		mov	r0, r4
 351 003e FFF7FEFF 		bl	HAL_GPIO_WritePin
 352              	.LVL13:
 416:Src/main.c    ****     //osDelay(5);
 417:Src/main.c    ****     HAL_GPIO_WritePin(LED0_GPIO_Port, LED0_Pin, GPIO_PIN_SET);
 353              		.loc 1 417 0 discriminator 1
 354 0042 0122     		movs	r2, #1
 355 0044 0821     		movs	r1, #8
ARM GAS  /tmp/cccviFS3.s 			page 15


 356 0046 2046     		mov	r0, r4
 357 0048 FFF7FEFF 		bl	HAL_GPIO_WritePin
 358              	.LVL14:
 418:Src/main.c    **** 
 419:Src/main.c    ****     //ç”¨æ¥æµ‹é‡è¿è¡Œæ—¶é—´çš„PC6ç¿»è½¬ï¼ŒæŠ“å–è¿™ä¸€æ¬¡ç¿»è½¬åˆ°ä¸‹ä¸€æ¬¡ç¿»è½¬çš„æ—¶é—´
 420:Src/main.c    ****     HAL_GPIO_WritePin(LED2_GPIO_Port, LED2_Pin, GPIO_PIN_RESET);
 359              		.loc 1 420 0 discriminator 1
 360 004c 0022     		movs	r2, #0
 361 004e 4021     		movs	r1, #64
 362 0050 2046     		mov	r0, r4
 363 0052 FFF7FEFF 		bl	HAL_GPIO_WritePin
 364              	.LVL15:
 421:Src/main.c    ****     osDelay(1);
 365              		.loc 1 421 0 discriminator 1
 366 0056 0120     		movs	r0, #1
 367 0058 FFF7FEFF 		bl	osDelay
 368              	.LVL16:
 422:Src/main.c    ****     HAL_GPIO_WritePin(LED2_GPIO_Port, LED2_Pin, GPIO_PIN_SET);
 369              		.loc 1 422 0 discriminator 1
 370 005c 0122     		movs	r2, #1
 371 005e 4021     		movs	r1, #64
 372 0060 2046     		mov	r0, r4
 373 0062 FFF7FEFF 		bl	HAL_GPIO_WritePin
 374              	.LVL17:
 423:Src/main.c    ****     
 424:Src/main.c    ****     FFT(ChangeSeat(data));
 375              		.loc 1 424 0 discriminator 1
 376 0066 0E4D     		ldr	r5, .L23+8
 377 0068 2946     		mov	r1, r5
 378 006a 6846     		mov	r0, sp
 379 006c FFF7FEFF 		bl	ChangeSeat
 380              	.LVL18:
 381 0070 9DE80F00 		ldmia	sp, {r0, r1, r2, r3}
 382 0074 FFF7FEFF 		bl	FFT
 383              	.LVL19:
 425:Src/main.c    ****     IFFT(ChangeSeat(data));
 384              		.loc 1 425 0 discriminator 1
 385 0078 04AC     		add	r4, sp, #16
 386 007a 2946     		mov	r1, r5
 387 007c 2046     		mov	r0, r4
 388 007e FFF7FEFF 		bl	ChangeSeat
 389              	.LVL20:
 390 0082 94E80F00 		ldmia	r4, {r0, r1, r2, r3}
 391 0086 FFF7FEFF 		bl	IFFT
 392              	.LVL21:
 426:Src/main.c    ****     
 427:Src/main.c    ****     ITM_Print(0,"LED0");
 393              		.loc 1 427 0 discriminator 1
 394 008a 0749     		ldr	r1, .L23+16
 395 008c 0020     		movs	r0, #0
 396 008e FFF7FEFF 		bl	ITM_Print
 397              	.LVL22:
 398 0092 D0E7     		b	.L21
 399              	.L24:
 400 0094 AFF30080 		.align	3
 401              	.L23:
 402 0098 1E264454 		.word	1413752350
ARM GAS  /tmp/cccviFS3.s 			page 16


 403 009c FB211940 		.word	1075388923
 404 00a0 00000000 		.word	data
 405 00a4 00100140 		.word	1073811456
 406 00a8 00000000 		.word	.LC6
 407              		.cfi_endproc
 408              	.LFE77:
 410              		.section	.text.ITM_SendValue,"ax",%progbits
 411              		.align	2
 412              		.global	ITM_SendValue
 413              		.thumb
 414              		.thumb_func
 416              	ITM_SendValue:
 417              	.LFB72:
 197:Src/main.c    ****     if ((ITM->TCR & ITM_TCR_ITMENA_Msk) && (ITM->TER & (1UL << port)))
 418              		.loc 1 197 0
 419              		.cfi_startproc
 420              		@ args = 0, pretend = 0, frame = 0
 421              		@ frame_needed = 0, uses_anonymous_args = 0
 422              		@ link register save eliminated.
 423              	.LVL23:
 198:Src/main.c    ****     {
 424              		.loc 1 198 0
 425 0000 4FF06043 		mov	r3, #-536870912
 426 0004 D3F8803E 		ldr	r3, [r3, #3712]
 427 0008 13F0010F 		tst	r3, #1
 428 000c 11D0     		beq	.L25
 198:Src/main.c    ****     {
 429              		.loc 1 198 0 is_stmt 0 discriminator 1
 430 000e 4FF06043 		mov	r3, #-536870912
 431 0012 D3F8003E 		ldr	r3, [r3, #3584]
 432 0016 C340     		lsrs	r3, r3, r0
 433 0018 13F0010F 		tst	r3, #1
 434 001c 09D0     		beq	.L25
 435              	.L27:
 200:Src/main.c    ****         ITM->PORT[port].u32 = value;
 436              		.loc 1 200 0 is_stmt 1 discriminator 1
 437 001e 4FF06043 		mov	r3, #-536870912
 438 0022 53F82030 		ldr	r3, [r3, r0, lsl #2]
 439 0026 002B     		cmp	r3, #0
 440 0028 F9D0     		beq	.L27
 201:Src/main.c    ****     }
 441              		.loc 1 201 0
 442 002a 4FF06043 		mov	r3, #-536870912
 443 002e 43F82010 		str	r1, [r3, r0, lsl #2]
 444              	.L25:
 445 0032 7047     		bx	lr
 446              		.cfi_endproc
 447              	.LFE72:
 449              		.section	.text.bubble_sort,"ax",%progbits
 450              		.align	2
 451              		.global	bubble_sort
 452              		.thumb
 453              		.thumb_func
 455              	bubble_sort:
 456              	.LFB73:
 206:Src/main.c    ****     globalCounter = 0x0D;
 457              		.loc 1 206 0
ARM GAS  /tmp/cccviFS3.s 			page 17


 458              		.cfi_startproc
 459              		@ args = 0, pretend = 0, frame = 0
 460              		@ frame_needed = 0, uses_anonymous_args = 0
 461              		@ link register save eliminated.
 462              	.LVL24:
 463 0000 70B4     		push	{r4, r5, r6}
 464              	.LCFI5:
 465              		.cfi_def_cfa_offset 12
 466              		.cfi_offset 4, -12
 467              		.cfi_offset 5, -8
 468              		.cfi_offset 6, -4
 207:Src/main.c    ****     int i, t, s = 1;
 469              		.loc 1 207 0
 470 0002 0D22     		movs	r2, #13
 471 0004 0D4B     		ldr	r3, .L35
 472 0006 1A60     		str	r2, [r3]
 473              	.LVL25:
 208:Src/main.c    ****     while (s) 
 474              		.loc 1 208 0
 475 0008 0126     		movs	r6, #1
 209:Src/main.c    ****     {
 476              		.loc 1 209 0
 477 000a 13E0     		b	.L29
 478              	.LVL26:
 479              	.L31:
 214:Src/main.c    ****             {
 480              		.loc 1 214 0
 481 000c 50F82340 		ldr	r4, [r0, r3, lsl #2]
 482 0010 03F18042 		add	r2, r3, #1073741824
 483 0014 013A     		subs	r2, r2, #1
 484 0016 50F82250 		ldr	r5, [r0, r2, lsl #2]
 485 001a AC42     		cmp	r4, r5
 486 001c 04DA     		bge	.L30
 487              	.LVL27:
 217:Src/main.c    ****                 a[i - 1] = t;
 488              		.loc 1 217 0
 489 001e 40F82350 		str	r5, [r0, r3, lsl #2]
 218:Src/main.c    ****                 s = 1;            
 490              		.loc 1 218 0
 491 0022 40F82240 		str	r4, [r0, r2, lsl #2]
 492              	.LVL28:
 219:Src/main.c    ****             }
 493              		.loc 1 219 0
 494 0026 0126     		movs	r6, #1
 495              	.LVL29:
 496              	.L30:
 212:Src/main.c    ****         {
 497              		.loc 1 212 0 discriminator 2
 498 0028 0133     		adds	r3, r3, #1
 499              	.LVL30:
 500 002a 01E0     		b	.L32
 501              	.LVL31:
 502              	.L33:
 503 002c 0026     		movs	r6, #0
 504              	.LVL32:
 505 002e 0123     		movs	r3, #1
 506              	.L32:
ARM GAS  /tmp/cccviFS3.s 			page 18


 507              	.LVL33:
 212:Src/main.c    ****         {
 508              		.loc 1 212 0 is_stmt 0 discriminator 1
 509 0030 8B42     		cmp	r3, r1
 510 0032 EBDB     		blt	.L31
 511              	.LVL34:
 512              	.L29:
 209:Src/main.c    ****     {
 513              		.loc 1 209 0 is_stmt 1
 514 0034 002E     		cmp	r6, #0
 515 0036 F9D1     		bne	.L33
 223:Src/main.c    **** 
 516              		.loc 1 223 0
 517 0038 70BC     		pop	{r4, r5, r6}
 518              	.LCFI6:
 519              		.cfi_restore 6
 520              		.cfi_restore 5
 521              		.cfi_restore 4
 522              		.cfi_def_cfa_offset 0
 523              	.LVL35:
 524 003a 7047     		bx	lr
 525              	.L36:
 526              		.align	2
 527              	.L35:
 528 003c 00000000 		.word	.LANCHOR0
 529              		.cfi_endproc
 530              	.LFE73:
 532              		.section	.text.Func_LED1,"ax",%progbits
 533              		.align	2
 534              		.global	Func_LED1
 535              		.thumb
 536              		.thumb_func
 538              	Func_LED1:
 539              	.LFB78:
 428:Src/main.c    ****   }
 429:Src/main.c    ****   /* USER CODE END 5 */ 
 430:Src/main.c    **** }
 431:Src/main.c    **** 
 432:Src/main.c    **** /* Func_LED1 function */
 433:Src/main.c    **** void Func_LED1(void const * argument)
 434:Src/main.c    **** {
 540              		.loc 1 434 0
 541              		.cfi_startproc
 542              		@ args = 0, pretend = 0, frame = 40
 543              		@ frame_needed = 0, uses_anonymous_args = 0
 544              	.LVL36:
 545 0000 70B5     		push	{r4, r5, r6, lr}
 546              	.LCFI7:
 547              		.cfi_def_cfa_offset 16
 548              		.cfi_offset 4, -16
 549              		.cfi_offset 5, -12
 550              		.cfi_offset 6, -8
 551              		.cfi_offset 14, -4
 552 0002 8AB0     		sub	sp, sp, #40
 553              	.LCFI8:
 554              		.cfi_def_cfa_offset 56
 435:Src/main.c    ****   /* USER CODE BEGIN Func_LED1 */
ARM GAS  /tmp/cccviFS3.s 			page 19


 436:Src/main.c    ****   int values_1[5] = {35,2,235,11,2};
 555              		.loc 1 436 0
 556 0004 1B4C     		ldr	r4, .L40
 557 0006 05AD     		add	r5, sp, #20
 558 0008 2646     		mov	r6, r4
 559 000a 0FCE     		ldmia	r6!, {r0, r1, r2, r3}
 560              	.LVL37:
 561 000c 0FC5     		stmia	r5!, {r0, r1, r2, r3}
 562 000e 3368     		ldr	r3, [r6]
 563 0010 2B60     		str	r3, [r5]
 437:Src/main.c    ****   int values_2[5] = {30,1,214,10,8};
 564              		.loc 1 437 0
 565 0012 6D46     		mov	r5, sp
 566 0014 1434     		adds	r4, r4, #20
 567 0016 0FCC     		ldmia	r4!, {r0, r1, r2, r3}
 568 0018 0FC5     		stmia	r5!, {r0, r1, r2, r3}
 569 001a 2368     		ldr	r3, [r4]
 570 001c 2B60     		str	r3, [r5]
 571              	.L38:
 438:Src/main.c    ****   /* Infinite loop */
 439:Src/main.c    ****   for(;;)
 440:Src/main.c    ****   {
 441:Src/main.c    ****     //globalCounter = 0x0B;//0x0Bè¡¨ç¤ºFunc_LED1
 442:Src/main.c    ****     //osDelay(5);
 443:Src/main.c    ****     HAL_GPIO_WritePin(LED1_GPIO_Port, LED1_Pin, GPIO_PIN_RESET);
 572              		.loc 1 443 0 discriminator 1
 573 001e 164C     		ldr	r4, .L40+4
 574 0020 0022     		movs	r2, #0
 575 0022 1021     		movs	r1, #16
 576 0024 2046     		mov	r0, r4
 577 0026 FFF7FEFF 		bl	HAL_GPIO_WritePin
 578              	.LVL38:
 444:Src/main.c    ****     //osDelay(5);
 445:Src/main.c    ****     HAL_GPIO_WritePin(LED1_GPIO_Port, LED1_Pin, GPIO_PIN_SET);
 579              		.loc 1 445 0 discriminator 1
 580 002a 0122     		movs	r2, #1
 581 002c 1021     		movs	r1, #16
 582 002e 2046     		mov	r0, r4
 583 0030 FFF7FEFF 		bl	HAL_GPIO_WritePin
 584              	.LVL39:
 446:Src/main.c    ****     //ITM_Print(0,"LED1");
 447:Src/main.c    ****     //ETM_TraceMode();
 448:Src/main.c    ****     //bubble_sort(values, 5);
 449:Src/main.c    ****     //ETM_SetupMode();
 450:Src/main.c    **** 
 451:Src/main.c    ****     //ç”¨æ¥æµ‹é‡è¿è¡Œæ—¶é—´çš„PC7ç¿»è½¬ï¼ŒæŠ“å–è¿™ä¸€æ¬¡ç¿»è½¬åˆ°ä¸‹ä¸€æ¬¡ç¿»è½¬çš„æ—¶é—´
 452:Src/main.c    ****     HAL_GPIO_WritePin(LED3_GPIO_Port, LED3_Pin, GPIO_PIN_RESET);
 585              		.loc 1 452 0 discriminator 1
 586 0034 0022     		movs	r2, #0
 587 0036 8021     		movs	r1, #128
 588 0038 2046     		mov	r0, r4
 589 003a FFF7FEFF 		bl	HAL_GPIO_WritePin
 590              	.LVL40:
 453:Src/main.c    ****     osDelay(1);
 591              		.loc 1 453 0 discriminator 1
 592 003e 0120     		movs	r0, #1
 593 0040 FFF7FEFF 		bl	osDelay
ARM GAS  /tmp/cccviFS3.s 			page 20


 594              	.LVL41:
 454:Src/main.c    ****     HAL_GPIO_WritePin(LED3_GPIO_Port, LED3_Pin, GPIO_PIN_SET);
 595              		.loc 1 454 0 discriminator 1
 596 0044 0122     		movs	r2, #1
 597 0046 8021     		movs	r1, #128
 598 0048 2046     		mov	r0, r4
 599 004a FFF7FEFF 		bl	HAL_GPIO_WritePin
 600              	.LVL42:
 455:Src/main.c    **** 
 456:Src/main.c    ****     ETM_TraceMode();
 601              		.loc 1 456 0 discriminator 1
 602 004e 0B4C     		ldr	r4, .L40+8
 603 0050 2368     		ldr	r3, [r4]
 604 0052 23F48063 		bic	r3, r3, #1024
 605 0056 2360     		str	r3, [r4]
 457:Src/main.c    ****     BinaryInsertSort(values_1, 5);
 606              		.loc 1 457 0 discriminator 1
 607 0058 0521     		movs	r1, #5
 608 005a 05A8     		add	r0, sp, #20
 609 005c FFF7FEFF 		bl	BinaryInsertSort
 610              	.LVL43:
 458:Src/main.c    ****     bubble_sort(values_2, 5);
 611              		.loc 1 458 0 discriminator 1
 612 0060 0521     		movs	r1, #5
 613 0062 6846     		mov	r0, sp
 614 0064 FFF7FEFF 		bl	bubble_sort
 615              	.LVL44:
 459:Src/main.c    ****     ETM_SetupMode();
 616              		.loc 1 459 0 discriminator 1
 617 0068 2368     		ldr	r3, [r4]
 618 006a 43F48063 		orr	r3, r3, #1024
 619 006e 2360     		str	r3, [r4]
 620 0070 D5E7     		b	.L38
 621              	.L41:
 622 0072 00BF     		.align	2
 623              	.L40:
 624 0074 00000000 		.word	.LANCHOR1
 625 0078 00100140 		.word	1073811456
 626 007c 001004E0 		.word	-536604672
 627              		.cfi_endproc
 628              	.LFE78:
 630              		.section	.text.HAL_TIM_PeriodElapsedCallback,"ax",%progbits
 631              		.align	2
 632              		.global	HAL_TIM_PeriodElapsedCallback
 633              		.thumb
 634              		.thumb_func
 636              	HAL_TIM_PeriodElapsedCallback:
 637              	.LFB79:
 460:Src/main.c    **** 
 461:Src/main.c    ****   }
 462:Src/main.c    ****   /* USER CODE END Func_LED1 */
 463:Src/main.c    **** }
 464:Src/main.c    **** 
 465:Src/main.c    **** /**
 466:Src/main.c    ****   * @brief  Period elapsed callback in non blocking mode
 467:Src/main.c    ****   * @note   This function is called  when TIM4 interrupt took place, inside
 468:Src/main.c    ****   * HAL_TIM_IRQHandler(). It makes a direct call to HAL_IncTick() to increment
ARM GAS  /tmp/cccviFS3.s 			page 21


 469:Src/main.c    ****   * a global variable "uwTick" used as application time base.
 470:Src/main.c    ****   * @param  htim : TIM handle
 471:Src/main.c    ****   * @retval None
 472:Src/main.c    ****   */
 473:Src/main.c    **** void HAL_TIM_PeriodElapsedCallback(TIM_HandleTypeDef *htim)
 474:Src/main.c    **** {
 638              		.loc 1 474 0
 639              		.cfi_startproc
 640              		@ args = 0, pretend = 0, frame = 0
 641              		@ frame_needed = 0, uses_anonymous_args = 0
 642              	.LVL45:
 643 0000 08B5     		push	{r3, lr}
 644              	.LCFI9:
 645              		.cfi_def_cfa_offset 8
 646              		.cfi_offset 3, -8
 647              		.cfi_offset 14, -4
 475:Src/main.c    ****   /* USER CODE BEGIN Callback 0 */
 476:Src/main.c    **** 
 477:Src/main.c    ****   /* USER CODE END Callback 0 */
 478:Src/main.c    ****   if (htim->Instance == TIM4) {
 648              		.loc 1 478 0
 649 0002 0268     		ldr	r2, [r0]
 650 0004 024B     		ldr	r3, .L45
 651 0006 9A42     		cmp	r2, r3
 652 0008 01D1     		bne	.L42
 479:Src/main.c    ****     HAL_IncTick();
 653              		.loc 1 479 0
 654 000a FFF7FEFF 		bl	HAL_IncTick
 655              	.LVL46:
 656              	.L42:
 657 000e 08BD     		pop	{r3, pc}
 658              	.L46:
 659              		.align	2
 660              	.L45:
 661 0010 00080040 		.word	1073743872
 662              		.cfi_endproc
 663              	.LFE79:
 665              		.section	.text._Error_Handler,"ax",%progbits
 666              		.align	2
 667              		.global	_Error_Handler
 668              		.thumb
 669              		.thumb_func
 671              	_Error_Handler:
 672              	.LFB80:
 480:Src/main.c    ****   }
 481:Src/main.c    ****   /* USER CODE BEGIN Callback 1 */
 482:Src/main.c    **** 
 483:Src/main.c    ****   /* USER CODE END Callback 1 */
 484:Src/main.c    **** }
 485:Src/main.c    **** 
 486:Src/main.c    **** /**
 487:Src/main.c    ****   * @brief  This function is executed in case of error occurrence.
 488:Src/main.c    ****   * @param  file: The file name as string.
 489:Src/main.c    ****   * @param  line: The line in file as a number.
 490:Src/main.c    ****   * @retval None
 491:Src/main.c    ****   */
 492:Src/main.c    **** void _Error_Handler(char *file, int line)
ARM GAS  /tmp/cccviFS3.s 			page 22


 493:Src/main.c    **** {
 673              		.loc 1 493 0
 674              		.cfi_startproc
 675              		@ Volatile: function does not return.
 676              		@ args = 0, pretend = 0, frame = 0
 677              		@ frame_needed = 0, uses_anonymous_args = 0
 678              		@ link register save eliminated.
 679              	.LVL47:
 680              	.L48:
 681 0000 FEE7     		b	.L48
 682              		.cfi_endproc
 683              	.LFE80:
 685 0002 00BF     		.section	.text.SystemClock_Config,"ax",%progbits
 686              		.align	2
 687              		.global	SystemClock_Config
 688              		.thumb
 689              		.thumb_func
 691              	SystemClock_Config:
 692              	.LFB75:
 324:Src/main.c    **** 
 693              		.loc 1 324 0
 694              		.cfi_startproc
 695              		@ args = 0, pretend = 0, frame = 64
 696              		@ frame_needed = 0, uses_anonymous_args = 0
 324:Src/main.c    **** 
 697              		.loc 1 324 0
 698 0000 00B5     		push	{lr}
 699              	.LCFI10:
 700              		.cfi_def_cfa_offset 4
 701              		.cfi_offset 14, -4
 702 0002 91B0     		sub	sp, sp, #68
 703              	.LCFI11:
 704              		.cfi_def_cfa_offset 72
 331:Src/main.c    ****   RCC_OscInitStruct.HSEState = RCC_HSE_ON;
 705              		.loc 1 331 0
 706 0004 0122     		movs	r2, #1
 707 0006 0692     		str	r2, [sp, #24]
 332:Src/main.c    ****   RCC_OscInitStruct.HSEPredivValue = RCC_HSE_PREDIV_DIV1;
 708              		.loc 1 332 0
 709 0008 4FF48033 		mov	r3, #65536
 710 000c 0793     		str	r3, [sp, #28]
 333:Src/main.c    ****   RCC_OscInitStruct.HSIState = RCC_HSI_ON;
 711              		.loc 1 333 0
 712 000e 0021     		movs	r1, #0
 713 0010 0891     		str	r1, [sp, #32]
 334:Src/main.c    ****   RCC_OscInitStruct.PLL.PLLState = RCC_PLL_ON;
 714              		.loc 1 334 0
 715 0012 0A92     		str	r2, [sp, #40]
 335:Src/main.c    ****   RCC_OscInitStruct.PLL.PLLSource = RCC_PLLSOURCE_HSE;
 716              		.loc 1 335 0
 717 0014 0222     		movs	r2, #2
 718 0016 0D92     		str	r2, [sp, #52]
 336:Src/main.c    ****   RCC_OscInitStruct.PLL.PLLMUL = RCC_PLL_MUL9;
 719              		.loc 1 336 0
 720 0018 0E93     		str	r3, [sp, #56]
 337:Src/main.c    ****   if (HAL_RCC_OscConfig(&RCC_OscInitStruct) != HAL_OK)
 721              		.loc 1 337 0
ARM GAS  /tmp/cccviFS3.s 			page 23


 722 001a 4FF4E013 		mov	r3, #1835008
 723 001e 0F93     		str	r3, [sp, #60]
 338:Src/main.c    ****   {
 724              		.loc 1 338 0
 725 0020 06A8     		add	r0, sp, #24
 726 0022 FFF7FEFF 		bl	HAL_RCC_OscConfig
 727              	.LVL48:
 728 0026 20B1     		cbz	r0, .L50
 340:Src/main.c    ****   }
 729              		.loc 1 340 0
 730 0028 4FF4AA71 		mov	r1, #340
 731 002c 1448     		ldr	r0, .L53
 732 002e FFF7FEFF 		bl	_Error_Handler
 733              	.LVL49:
 734              	.L50:
 345:Src/main.c    ****                               |RCC_CLOCKTYPE_PCLK1|RCC_CLOCKTYPE_PCLK2;
 735              		.loc 1 345 0
 736 0032 0F23     		movs	r3, #15
 737 0034 0193     		str	r3, [sp, #4]
 347:Src/main.c    ****   RCC_ClkInitStruct.AHBCLKDivider = RCC_SYSCLK_DIV1;
 738              		.loc 1 347 0
 739 0036 0221     		movs	r1, #2
 740 0038 0291     		str	r1, [sp, #8]
 348:Src/main.c    ****   RCC_ClkInitStruct.APB1CLKDivider = RCC_HCLK_DIV2;
 741              		.loc 1 348 0
 742 003a 0023     		movs	r3, #0
 743 003c 0393     		str	r3, [sp, #12]
 349:Src/main.c    ****   RCC_ClkInitStruct.APB2CLKDivider = RCC_HCLK_DIV1;
 744              		.loc 1 349 0
 745 003e 4FF48062 		mov	r2, #1024
 746 0042 0492     		str	r2, [sp, #16]
 350:Src/main.c    **** 
 747              		.loc 1 350 0
 748 0044 0593     		str	r3, [sp, #20]
 352:Src/main.c    ****   {
 749              		.loc 1 352 0
 750 0046 01A8     		add	r0, sp, #4
 751 0048 FFF7FEFF 		bl	HAL_RCC_ClockConfig
 752              	.LVL50:
 753 004c 20B1     		cbz	r0, .L51
 354:Src/main.c    ****   }
 754              		.loc 1 354 0
 755 004e 4FF4B171 		mov	r1, #354
 756 0052 0B48     		ldr	r0, .L53
 757 0054 FFF7FEFF 		bl	_Error_Handler
 758              	.LVL51:
 759              	.L51:
 359:Src/main.c    **** 
 760              		.loc 1 359 0
 761 0058 FFF7FEFF 		bl	HAL_RCC_GetHCLKFreq
 762              	.LVL52:
 763 005c 094B     		ldr	r3, .L53+4
 764 005e A3FB0030 		umull	r3, r0, r3, r0
 765 0062 8009     		lsrs	r0, r0, #6
 766 0064 FFF7FEFF 		bl	HAL_SYSTICK_Config
 767              	.LVL53:
 363:Src/main.c    **** 
ARM GAS  /tmp/cccviFS3.s 			page 24


 768              		.loc 1 363 0
 769 0068 0420     		movs	r0, #4
 770 006a FFF7FEFF 		bl	HAL_SYSTICK_CLKSourceConfig
 771              	.LVL54:
 366:Src/main.c    **** }
 772              		.loc 1 366 0
 773 006e 0022     		movs	r2, #0
 774 0070 0F21     		movs	r1, #15
 775 0072 4FF0FF30 		mov	r0, #-1
 776 0076 FFF7FEFF 		bl	HAL_NVIC_SetPriority
 777              	.LVL55:
 367:Src/main.c    **** 
 778              		.loc 1 367 0
 779 007a 11B0     		add	sp, sp, #68
 780              	.LCFI12:
 781              		.cfi_def_cfa_offset 4
 782              		@ sp needed
 783 007c 5DF804FB 		ldr	pc, [sp], #4
 784              	.L54:
 785              		.align	2
 786              	.L53:
 787 0080 08000000 		.word	.LC7
 788 0084 D34D6210 		.word	274877907
 789              		.cfi_endproc
 790              	.LFE75:
 792              		.section	.text.main,"ax",%progbits
 793              		.align	2
 794              		.global	main
 795              		.thumb
 796              		.thumb_func
 798              	main:
 799              	.LFB74:
 240:Src/main.c    ****   /* USER CODE BEGIN 1 */
 800              		.loc 1 240 0
 801              		.cfi_startproc
 802              		@ args = 0, pretend = 0, frame = 40
 803              		@ frame_needed = 0, uses_anonymous_args = 0
 804 0000 70B5     		push	{r4, r5, r6, lr}
 805              	.LCFI13:
 806              		.cfi_def_cfa_offset 16
 807              		.cfi_offset 4, -16
 808              		.cfi_offset 5, -12
 809              		.cfi_offset 6, -8
 810              		.cfi_offset 14, -4
 811 0002 8AB0     		sub	sp, sp, #40
 812              	.LCFI14:
 813              		.cfi_def_cfa_offset 56
 248:Src/main.c    **** 
 814              		.loc 1 248 0
 815 0004 FFF7FEFF 		bl	HAL_Init
 816              	.LVL56:
 255:Src/main.c    **** 
 817              		.loc 1 255 0
 818 0008 FFF7FEFF 		bl	SystemClock_Config
 819              	.LVL57:
 262:Src/main.c    ****   /* USER CODE BEGIN 2 */
 820              		.loc 1 262 0
ARM GAS  /tmp/cccviFS3.s 			page 25


 821 000c FFF7FEFF 		bl	MX_GPIO_Init
 822              	.LVL58:
 265:Src/main.c    ****   configure_watchpoint();
 823              		.loc 1 265 0
 824 0010 FFF7FEFF 		bl	configure_tracing
 825              	.LVL59:
 266:Src/main.c    **** 
 826              		.loc 1 266 0
 827 0014 FFF7FEFF 		bl	configure_watchpoint
 828              	.LVL60:
 284:Src/main.c    ****   Task_LED0Handle = osThreadCreate(osThread(Task_LED0), NULL);
 829              		.loc 1 284 0
 830 0018 0E4C     		ldr	r4, .L58
 831 001a 05AD     		add	r5, sp, #20
 832 001c 04F12806 		add	r6, r4, #40
 833 0020 0FCE     		ldmia	r6!, {r0, r1, r2, r3}
 834 0022 0FC5     		stmia	r5!, {r0, r1, r2, r3}
 835 0024 3368     		ldr	r3, [r6]
 836 0026 2B60     		str	r3, [r5]
 285:Src/main.c    **** 
 837              		.loc 1 285 0
 838 0028 0021     		movs	r1, #0
 839 002a 05A8     		add	r0, sp, #20
 840 002c FFF7FEFF 		bl	osThreadCreate
 841              	.LVL61:
 842 0030 094B     		ldr	r3, .L58+4
 843 0032 1860     		str	r0, [r3]
 288:Src/main.c    ****   Task_LED1Handle = osThreadCreate(osThread(Task_LED1), NULL);
 844              		.loc 1 288 0
 845 0034 6D46     		mov	r5, sp
 846 0036 3C34     		adds	r4, r4, #60
 847 0038 0FCC     		ldmia	r4!, {r0, r1, r2, r3}
 848 003a 0FC5     		stmia	r5!, {r0, r1, r2, r3}
 849 003c 2368     		ldr	r3, [r4]
 850 003e 2B60     		str	r3, [r5]
 289:Src/main.c    **** 
 851              		.loc 1 289 0
 852 0040 0021     		movs	r1, #0
 853 0042 6846     		mov	r0, sp
 854 0044 FFF7FEFF 		bl	osThreadCreate
 855              	.LVL62:
 856 0048 044B     		ldr	r3, .L58+8
 857 004a 1860     		str	r0, [r3]
 301:Src/main.c    ****   
 858              		.loc 1 301 0
 859 004c FFF7FEFF 		bl	osKernelStart
 860              	.LVL63:
 861              	.L56:
 862 0050 FEE7     		b	.L56
 863              	.L59:
 864 0052 00BF     		.align	2
 865              	.L58:
 866 0054 00000000 		.word	.LANCHOR1
 867 0058 00000000 		.word	Task_LED0Handle
 868 005c 00000000 		.word	Task_LED1Handle
 869              		.cfi_endproc
 870              	.LFE74:
ARM GAS  /tmp/cccviFS3.s 			page 26


 872              		.global	globalCounter
 873              		.comm	Task_LED1Handle,4,4
 874              		.comm	Task_LED0Handle,4,4
 875              		.comm	result,64,8
 876              		.comm	data,128,8
 877              		.section	.rodata
 878              		.align	2
 879              		.set	.LANCHOR1,. + 0
 880              	.LC4:
 881 0000 23000000 		.word	35
 882 0004 02000000 		.word	2
 883 0008 EB000000 		.word	235
 884 000c 0B000000 		.word	11
 885 0010 02000000 		.word	2
 886              	.LC5:
 887 0014 1E000000 		.word	30
 888 0018 01000000 		.word	1
 889 001c D6000000 		.word	214
 890 0020 0A000000 		.word	10
 891 0024 08000000 		.word	8
 892              	.LC8:
 893 0028 20000000 		.word	.LC0
 894 002c 00000000 		.word	Func_LED0
 895 0030 0000     		.short	0
 896 0032 0000     		.space	2
 897 0034 00000000 		.word	0
 898 0038 80000000 		.word	128
 899              	.LC9:
 900 003c 14000000 		.word	.LC2
 901 0040 00000000 		.word	Func_LED1
 902 0044 0000     		.short	0
 903 0046 0000     		.space	2
 904 0048 00000000 		.word	0
 905 004c 80000000 		.word	128
 906              		.section	.rodata.str1.4,"aMS",%progbits,1
 907              		.align	2
 908              	.LC6:
 909 0000 4C454430 		.ascii	"LED0\000"
 909      00
 910 0005 000000   		.space	3
 911              	.LC7:
 912 0008 5372632F 		.ascii	"Src/main.c\000"
 912      6D61696E 
 912      2E6300
 913 0013 00       		.space	1
 914              	.LC2:
 915 0014 5461736B 		.ascii	"Task_LED1\000"
 915      5F4C4544 
 915      3100
 916 001e 0000     		.space	2
 917              	.LC0:
 918 0020 5461736B 		.ascii	"Task_LED0\000"
 918      5F4C4544 
 918      3000
 919              		.section	.bss.globalCounter,"aw",%nobits
 920              		.align	2
 921              		.set	.LANCHOR0,. + 0
ARM GAS  /tmp/cccviFS3.s 			page 27


 924              	globalCounter:
 925 0000 00000000 		.space	4
 926              		.text
 927              	.Letext0:
 928              		.file 2 "/usr/include/newlib/machine/_default_types.h"
 929              		.file 3 "/usr/include/newlib/sys/_stdint.h"
 930              		.file 4 "Drivers/CMSIS/Include/core_cm3.h"
 931              		.file 5 "Drivers/CMSIS/Device/ST/STM32F1xx/Include/stm32f103xe.h"
 932              		.file 6 "Drivers/STM32F1xx_HAL_Driver/Inc/stm32f1xx_hal_def.h"
 933              		.file 7 "Drivers/STM32F1xx_HAL_Driver/Inc/stm32f1xx_hal_rcc.h"
 934              		.file 8 "Drivers/STM32F1xx_HAL_Driver/Inc/stm32f1xx_hal_rcc_ex.h"
 935              		.file 9 "Drivers/STM32F1xx_HAL_Driver/Inc/stm32f1xx_hal_gpio.h"
 936              		.file 10 "Drivers/STM32F1xx_HAL_Driver/Inc/stm32f1xx_hal_dma.h"
 937              		.file 11 "Drivers/STM32F1xx_HAL_Driver/Inc/stm32f1xx_hal_tim.h"
 938              		.file 12 "Middlewares/Third_Party/FreeRTOS/Source/include/task.h"
 939              		.file 13 "Middlewares/Third_Party/FreeRTOS/Source/CMSIS_RTOS/cmsis_os.h"
 940              		.file 14 "Src/arm_etm.h"
 941              		.file 15 "Inc/FFT.h"
 942              		.file 16 "/usr/include/newlib/math.h"
 943              		.file 17 "Drivers/STM32F1xx_HAL_Driver/Inc/stm32f1xx_hal.h"
 944              		.file 18 "Drivers/STM32F1xx_HAL_Driver/Inc/stm32f1xx_hal_cortex.h"
ARM GAS  /tmp/cccviFS3.s 			page 28


DEFINED SYMBOLS
                            *ABS*:00000000 main.c
     /tmp/cccviFS3.s:20     .text.MX_GPIO_Init:00000000 $t
     /tmp/cccviFS3.s:24     .text.MX_GPIO_Init:00000000 MX_GPIO_Init
     /tmp/cccviFS3.s:93     .text.MX_GPIO_Init:00000054 $d
     /tmp/cccviFS3.s:99     .text.configure_tracing:00000000 $t
     /tmp/cccviFS3.s:104    .text.configure_tracing:00000000 configure_tracing
     /tmp/cccviFS3.s:192    .text.configure_tracing:000000a4 $d
     /tmp/cccviFS3.s:202    .text.configure_watchpoint:00000000 $t
     /tmp/cccviFS3.s:207    .text.configure_watchpoint:00000000 configure_watchpoint
     /tmp/cccviFS3.s:228    .text.configure_watchpoint:00000010 $d
     /tmp/cccviFS3.s:234    .text.ITM_Print:00000000 $t
     /tmp/cccviFS3.s:239    .text.ITM_Print:00000000 ITM_Print
     /tmp/cccviFS3.s:284    .text.ITM_Print:00000044 $d
     /tmp/cccviFS3.s:291    .text.Func_LED0:00000000 $t
     /tmp/cccviFS3.s:296    .text.Func_LED0:00000000 Func_LED0
     /tmp/cccviFS3.s:402    .text.Func_LED0:00000098 $d
                            *COM*:00000080 data
     /tmp/cccviFS3.s:411    .text.ITM_SendValue:00000000 $t
     /tmp/cccviFS3.s:416    .text.ITM_SendValue:00000000 ITM_SendValue
     /tmp/cccviFS3.s:450    .text.bubble_sort:00000000 $t
     /tmp/cccviFS3.s:455    .text.bubble_sort:00000000 bubble_sort
     /tmp/cccviFS3.s:528    .text.bubble_sort:0000003c $d
     /tmp/cccviFS3.s:533    .text.Func_LED1:00000000 $t
     /tmp/cccviFS3.s:538    .text.Func_LED1:00000000 Func_LED1
     /tmp/cccviFS3.s:624    .text.Func_LED1:00000074 $d
     /tmp/cccviFS3.s:631    .text.HAL_TIM_PeriodElapsedCallback:00000000 $t
     /tmp/cccviFS3.s:636    .text.HAL_TIM_PeriodElapsedCallback:00000000 HAL_TIM_PeriodElapsedCallback
     /tmp/cccviFS3.s:661    .text.HAL_TIM_PeriodElapsedCallback:00000010 $d
     /tmp/cccviFS3.s:666    .text._Error_Handler:00000000 $t
     /tmp/cccviFS3.s:671    .text._Error_Handler:00000000 _Error_Handler
     /tmp/cccviFS3.s:686    .text.SystemClock_Config:00000000 $t
     /tmp/cccviFS3.s:691    .text.SystemClock_Config:00000000 SystemClock_Config
     /tmp/cccviFS3.s:787    .text.SystemClock_Config:00000080 $d
     /tmp/cccviFS3.s:793    .text.main:00000000 $t
     /tmp/cccviFS3.s:798    .text.main:00000000 main
     /tmp/cccviFS3.s:866    .text.main:00000054 $d
                            *COM*:00000004 Task_LED0Handle
                            *COM*:00000004 Task_LED1Handle
     /tmp/cccviFS3.s:924    .bss.globalCounter:00000000 globalCounter
                            *COM*:00000040 result
     /tmp/cccviFS3.s:878    .rodata:00000000 $d
     /tmp/cccviFS3.s:907    .rodata.str1.4:00000000 $d
     /tmp/cccviFS3.s:920    .bss.globalCounter:00000000 $d
                     .debug_frame:00000010 $d

UNDEFINED SYMBOLS
HAL_GPIO_WritePin
HAL_GPIO_Init
__aeabi_i2d
__aeabi_dmul
sin
osDelay
ChangeSeat
FFT
IFFT
BinaryInsertSort
ARM GAS  /tmp/cccviFS3.s 			page 29


HAL_IncTick
HAL_RCC_OscConfig
HAL_RCC_ClockConfig
HAL_RCC_GetHCLKFreq
HAL_SYSTICK_Config
HAL_SYSTICK_CLKSourceConfig
HAL_NVIC_SetPriority
HAL_Init
osThreadCreate
osKernelStart
